<?xml version="1.0" encoding="UTF-8"?>
<!-- Generated by org.testng.reporters.JUnitXMLReporter -->
<testsuite ignored="0" hostname="HP" failures="0" tests="3" name="Submit Order Test" time="28.115" errors="0" timestamp="2025-02-06T19:37:36 GMT">
  <testcase classname="testCompanycom.tests.StandAloneTest2" name="submitOrder" time="6.274"/>
  <testcase classname="testCompanycom.tests.StandAloneTest2" name="submitOrder" time="6.533"/>
  <testcase classname="testCompanycom.tests.StandAloneTest2" name="OrderHistoryTest" time="1.356"/>
</testsuite> <!-- Submit Order Test -->
