<?xml version="1.0" encoding="UTF-8"?>
<!-- Generated by org.testng.reporters.JUnitXMLReporter -->
<testsuite ignored="1" hostname="HP" failures="0" tests="2" name="Submit Order Test" time="20.036" errors="0" timestamp="2025-02-07T00:11:46 GMT">
  <testcase classname="testCompanycom.tests.StandAloneTest2" name="submitOrder" time="5.509"/>
  <testcase classname="testCompanycom.tests.StandAloneTest2" name="submitOrder" time="5.598"/>
  <testcase classname="testCompanycom.tests.StandAloneTest2" name="OrderHistoryTest" time="0.0">
    <ignored/>
  </testcase> <!-- OrderHistoryTest -->
</testsuite> <!-- Submit Order Test -->
